[2026-04-05 16:50:56.971] [29147] [HailoRT] [info] [hef.cpp:1963] [get_network_group_and_network_name] No name was given. Addressing all networks of default network_group: stdc1
[2026-04-05 16:50:56.971] [29147] [HailoRT] [info] [hef.cpp:1963] [get_network_group_and_network_name] No name was given. Addressing all networks of default network_group: stdc1
[2026-04-05 16:50:56.996] [29147] [HailoRT] [info] [vdevice.cpp:227] [create] Creating vdevice with params: device_count: 1, scheduling_algorithm: ROUND_ROBIN, multi_process_service: false
[2026-04-05 16:50:57.018] [29147] [HailoRT] [info] [device.cpp:53] [Device] OS Version: Linux 6.12.75+rpt-rpi-2712 #1 SMP PREEMPT Debian 1:6.12.75-1+rpt1 (2026-03-11) aarch64
[2026-04-05 16:54:33.706] [29931] [HailoRT] [info] [device.cpp:53] [Device] OS Version: Linux 6.12.75+rpt-rpi-2712 #1 SMP PREEMPT Debian 1:6.12.75-1+rpt1 (2026-03-11) aarch64
[2026-04-05 17:01:59.278] [31405] [HailoRT] [info] [hef.cpp:1963] [get_network_group_and_network_name] No name was given. Addressing all networks of default network_group: stdc1
[2026-04-05 17:01:59.278] [31405] [HailoRT] [info] [hef.cpp:1963] [get_network_group_and_network_name] No name was given. Addressing all networks of default network_group: stdc1
[2026-04-05 17:01:59.293] [31405] [HailoRT] [info] [vdevice.cpp:227] [create] Creating vdevice with params: device_count: 1, scheduling_algorithm: ROUND_ROBIN, multi_process_service: false
[2026-04-05 17:01:59.315] [31405] [HailoRT] [info] [device.cpp:53] [Device] OS Version: Linux 6.12.75+rpt-rpi-2712 #1 SMP PREEMPT Debian 1:6.12.75-1+rpt1 (2026-03-11) aarch64
[2026-04-05 17:11:20.729] [33368] [HailoRT] [info] [hef.cpp:1963] [get_network_group_and_network_name] No name was given. Addressing all networks of default network_group: stdc1
[2026-04-05 17:11:20.729] [33368] [HailoRT] [info] [hef.cpp:1963] [get_network_group_and_network_name] No name was given. Addressing all networks of default network_group: stdc1
[2026-04-05 17:11:20.744] [33368] [HailoRT] [info] [vdevice.cpp:227] [create] Creating vdevice with params: device_count: 1, scheduling_algorithm: ROUND_ROBIN, multi_process_service: false
[2026-04-05 17:11:20.765] [33368] [HailoRT] [info] [device.cpp:53] [Device] OS Version: Linux 6.12.75+rpt-rpi-2712 #1 SMP PREEMPT Debian 1:6.12.75-1+rpt1 (2026-03-11) aarch64
[2026-04-05 17:14:25.196] [34401] [HailoRT] [info] [vdevice.cpp:227] [create] Creating vdevice with params: device_count: 1, scheduling_algorithm: ROUND_ROBIN, multi_process_service: false
[2026-04-05 17:14:25.218] [34401] [HailoRT] [info] [device.cpp:53] [Device] OS Version: Linux 6.12.75+rpt-rpi-2712 #1 SMP PREEMPT Debian 1:6.12.75-1+rpt1 (2026-03-11) aarch64
[2026-04-05 17:14:25.257] [34401] [HailoRT] [info] [hef.cpp:1963] [get_network_group_and_network_name] No name was given. Addressing all networks of default network_group: stdc1
[2026-04-05 17:14:25.257] [34401] [HailoRT] [info] [hef.cpp:1963] [get_network_group_and_network_name] No name was given. Addressing all networks of default network_group: stdc1
[2026-04-05 17:14:25.768] [34401] [HailoRT] [info] [hef.cpp:1963] [get_network_group_and_network_name] No name was given. Addressing all networks of default network_group: stdc1
[2026-04-05 17:14:25.768] [34401] [HailoRT] [info] [hef.cpp:1963] [get_network_group_and_network_name] No name was given. Addressing all networks of default network_group: stdc1
[2026-04-05 17:14:25.782] [34401] [HailoRT] [info] [vdevice.cpp:227] [create] Creating vdevice with params: device_count: 1, scheduling_algorithm: ROUND_ROBIN, multi_process_service: false
[2026-04-05 17:14:30.790] [34401] [HailoRT] [error] [vdevice_hrpc_client.cpp:63] [create_available_vdevice] CHECK_SUCCESS failed with status=HAILO_DEVICE_IN_USE(73)
[2026-04-05 17:14:30.793] [34401] [HailoRT] [error] [vdevice_hrpc_client.cpp:87] [create] CHECK_SUCCESS failed with status=HAILO_DEVICE_IN_USE(73)
[2026-04-05 17:14:30.794] [34401] [HailoRT] [error] [vdevice.cpp:243] [create] CHECK_SUCCESS failed with status=HAILO_DEVICE_IN_USE(73)
[2026-04-05 17:14:30.794] [34401] [HailoRT] [error] [vdevice.cpp:255] [create_shared] CHECK_SUCCESS failed with status=HAILO_DEVICE_IN_USE(73)
[2026-04-05 17:16:16.400] [34886] [HailoRT] [info] [vdevice.cpp:227] [create] Creating vdevice with params: device_count: 1, scheduling_algorithm: ROUND_ROBIN, multi_process_service: false
[2026-04-05 17:16:16.433] [34886] [HailoRT] [info] [device.cpp:53] [Device] OS Version: Linux 6.12.75+rpt-rpi-2712 #1 SMP PREEMPT Debian 1:6.12.75-1+rpt1 (2026-03-11) aarch64
[2026-04-05 17:16:16.471] [34886] [HailoRT] [info] [hef.cpp:1963] [get_network_group_and_network_name] No name was given. Addressing all networks of default network_group: stdc1
[2026-04-05 17:16:16.471] [34886] [HailoRT] [info] [hef.cpp:1963] [get_network_group_and_network_name] No name was given. Addressing all networks of default network_group: stdc1
[2026-04-05 17:16:16.982] [34886] [HailoRT] [info] [hef.cpp:1963] [get_network_group_and_network_name] No name was given. Addressing all networks of default network_group: stdc1
[2026-04-05 17:16:16.982] [34886] [HailoRT] [info] [hef.cpp:1963] [get_network_group_and_network_name] No name was given. Addressing all networks of default network_group: stdc1
[2026-04-05 17:16:17.025] [34886] [HailoRT] [info] [hef.cpp:1963] [get_network_group_and_network_name] No name was given. Addressing all networks of default network_group: stereonet
[2026-04-05 17:16:17.025] [34886] [HailoRT] [info] [hef.cpp:1963] [get_network_group_and_network_name] No name was given. Addressing all networks of default network_group: stereonet
[2026-04-05 17:16:17.981] [34886] [HailoRT] [info] [hef.cpp:1963] [get_network_group_and_network_name] No name was given. Addressing all networks of default network_group: stereonet
[2026-04-05 17:16:17.981] [34886] [HailoRT] [info] [hef.cpp:1963] [get_network_group_and_network_name] No name was given. Addressing all networks of default network_group: stereonet
[2026-04-05 17:18:20.713] [35369] [HailoRT] [info] [vdevice.cpp:227] [create] Creating vdevice with params: device_count: 1, scheduling_algorithm: ROUND_ROBIN, multi_process_service: false
[2026-04-05 17:18:20.735] [35369] [HailoRT] [info] [device.cpp:53] [Device] OS Version: Linux 6.12.75+rpt-rpi-2712 #1 SMP PREEMPT Debian 1:6.12.75-1+rpt1 (2026-03-11) aarch64
[2026-04-05 17:18:20.773] [35369] [HailoRT] [info] [hef.cpp:1963] [get_network_group_and_network_name] No name was given. Addressing all networks of default network_group: stdc1
[2026-04-05 17:18:20.773] [35369] [HailoRT] [info] [hef.cpp:1963] [get_network_group_and_network_name] No name was given. Addressing all networks of default network_group: stdc1
[2026-04-05 17:18:21.283] [35369] [HailoRT] [info] [hef.cpp:1963] [get_network_group_and_network_name] No name was given. Addressing all networks of default network_group: stdc1
[2026-04-05 17:18:21.283] [35369] [HailoRT] [info] [hef.cpp:1963] [get_network_group_and_network_name] No name was given. Addressing all networks of default network_group: stdc1
[2026-04-05 17:18:21.325] [35369] [HailoRT] [info] [hef.cpp:1963] [get_network_group_and_network_name] No name was given. Addressing all networks of default network_group: stereonet
[2026-04-05 17:18:21.325] [35369] [HailoRT] [info] [hef.cpp:1963] [get_network_group_and_network_name] No name was given. Addressing all networks of default network_group: stereonet
[2026-04-05 17:18:22.267] [35369] [HailoRT] [info] [hef.cpp:1963] [get_network_group_and_network_name] No name was given. Addressing all networks of default network_group: stereonet
[2026-04-05 17:18:22.267] [35369] [HailoRT] [info] [hef.cpp:1963] [get_network_group_and_network_name] No name was given. Addressing all networks of default network_group: stereonet
[2026-04-05 17:20:36.200] [35950] [HailoRT] [info] [vdevice.cpp:227] [create] Creating vdevice with params: device_count: 1, scheduling_algorithm: ROUND_ROBIN, multi_process_service: false
[2026-04-05 17:20:36.232] [35950] [HailoRT] [info] [device.cpp:53] [Device] OS Version: Linux 6.12.75+rpt-rpi-2712 #1 SMP PREEMPT Debian 1:6.12.75-1+rpt1 (2026-03-11) aarch64
[2026-04-05 17:20:36.270] [35950] [HailoRT] [info] [hef.cpp:1963] [get_network_group_and_network_name] No name was given. Addressing all networks of default network_group: stdc1
[2026-04-05 17:20:36.270] [35950] [HailoRT] [info] [hef.cpp:1963] [get_network_group_and_network_name] No name was given. Addressing all networks of default network_group: stdc1
[2026-04-05 17:20:36.780] [35950] [HailoRT] [info] [hef.cpp:1963] [get_network_group_and_network_name] No name was given. Addressing all networks of default network_group: stdc1
[2026-04-05 17:20:36.780] [35950] [HailoRT] [info] [hef.cpp:1963] [get_network_group_and_network_name] No name was given. Addressing all networks of default network_group: stdc1
[2026-04-05 17:20:36.821] [35950] [HailoRT] [info] [hef.cpp:1963] [get_network_group_and_network_name] No name was given. Addressing all networks of default network_group: stereonet
[2026-04-05 17:20:36.821] [35950] [HailoRT] [info] [hef.cpp:1963] [get_network_group_and_network_name] No name was given. Addressing all networks of default network_group: stereonet
[2026-04-05 17:20:37.762] [35950] [HailoRT] [info] [hef.cpp:1963] [get_network_group_and_network_name] No name was given. Addressing all networks of default network_group: stereonet
[2026-04-05 17:20:37.762] [35950] [HailoRT] [info] [hef.cpp:1963] [get_network_group_and_network_name] No name was given. Addressing all networks of default network_group: stereonet
[2026-04-05 17:26:36.271] [37364] [HailoRT] [info] [vdevice.cpp:227] [create] Creating vdevice with params: device_count: 1, scheduling_algorithm: ROUND_ROBIN, multi_process_service: false
[2026-04-05 17:26:36.293] [37364] [HailoRT] [info] [device.cpp:53] [Device] OS Version: Linux 6.12.75+rpt-rpi-2712 #1 SMP PREEMPT Debian 1:6.12.75-1+rpt1 (2026-03-11) aarch64
[2026-04-05 17:26:36.332] [37364] [HailoRT] [info] [hef.cpp:1963] [get_network_group_and_network_name] No name was given. Addressing all networks of default network_group: stdc1
[2026-04-05 17:26:36.332] [37364] [HailoRT] [info] [hef.cpp:1963] [get_network_group_and_network_name] No name was given. Addressing all networks of default network_group: stdc1
[2026-04-05 17:26:36.840] [37364] [HailoRT] [info] [hef.cpp:1963] [get_network_group_and_network_name] No name was given. Addressing all networks of default network_group: stdc1
[2026-04-05 17:26:36.841] [37364] [HailoRT] [info] [hef.cpp:1963] [get_network_group_and_network_name] No name was given. Addressing all networks of default network_group: stdc1
[2026-04-05 17:26:36.883] [37364] [HailoRT] [info] [hef.cpp:1963] [get_network_group_and_network_name] No name was given. Addressing all networks of default network_group: stereonet
[2026-04-05 17:26:36.883] [37364] [HailoRT] [info] [hef.cpp:1963] [get_network_group_and_network_name] No name was given. Addressing all networks of default network_group: stereonet
[2026-04-05 17:26:37.822] [37364] [HailoRT] [info] [hef.cpp:1963] [get_network_group_and_network_name] No name was given. Addressing all networks of default network_group: stereonet
[2026-04-05 17:26:37.822] [37364] [HailoRT] [info] [hef.cpp:1963] [get_network_group_and_network_name] No name was given. Addressing all networks of default network_group: stereonet
[2026-04-05 17:28:54.719] [37956] [HailoRT] [info] [vdevice.cpp:227] [create] Creating vdevice with params: device_count: 1, scheduling_algorithm: ROUND_ROBIN, multi_process_service: false
[2026-04-05 17:28:54.741] [37956] [HailoRT] [info] [device.cpp:53] [Device] OS Version: Linux 6.12.75+rpt-rpi-2712 #1 SMP PREEMPT Debian 1:6.12.75-1+rpt1 (2026-03-11) aarch64
[2026-04-05 17:28:54.781] [37956] [HailoRT] [info] [hef.cpp:1963] [get_network_group_and_network_name] No name was given. Addressing all networks of default network_group: stdc1
[2026-04-05 17:28:54.781] [37956] [HailoRT] [info] [hef.cpp:1963] [get_network_group_and_network_name] No name was given. Addressing all networks of default network_group: stdc1
[2026-04-05 17:28:55.291] [37956] [HailoRT] [info] [hef.cpp:1963] [get_network_group_and_network_name] No name was given. Addressing all networks of default network_group: stdc1
[2026-04-05 17:28:55.291] [37956] [HailoRT] [info] [hef.cpp:1963] [get_network_group_and_network_name] No name was given. Addressing all networks of default network_group: stdc1
[2026-04-05 17:28:55.333] [37956] [HailoRT] [info] [hef.cpp:1963] [get_network_group_and_network_name] No name was given. Addressing all networks of default network_group: stereonet
[2026-04-05 17:28:55.333] [37956] [HailoRT] [info] [hef.cpp:1963] [get_network_group_and_network_name] No name was given. Addressing all networks of default network_group: stereonet
[2026-04-05 17:28:56.274] [37956] [HailoRT] [info] [hef.cpp:1963] [get_network_group_and_network_name] No name was given. Addressing all networks of default network_group: stereonet
[2026-04-05 17:28:56.274] [37956] [HailoRT] [info] [hef.cpp:1963] [get_network_group_and_network_name] No name was given. Addressing all networks of default network_group: stereonet
[2026-04-05 17:32:40.894] [39502] [HailoRT] [info] [vdevice.cpp:227] [create] Creating vdevice with params: device_count: 1, scheduling_algorithm: ROUND_ROBIN, multi_process_service: false
[2026-04-05 17:32:40.916] [39502] [HailoRT] [info] [device.cpp:53] [Device] OS Version: Linux 6.12.75+rpt-rpi-2712 #1 SMP PREEMPT Debian 1:6.12.75-1+rpt1 (2026-03-11) aarch64
[2026-04-05 17:32:40.957] [39502] [HailoRT] [info] [hef.cpp:1963] [get_network_group_and_network_name] No name was given. Addressing all networks of default network_group: stdc1
[2026-04-05 17:32:40.957] [39502] [HailoRT] [info] [hef.cpp:1963] [get_network_group_and_network_name] No name was given. Addressing all networks of default network_group: stdc1
[2026-04-05 17:32:41.466] [39502] [HailoRT] [info] [hef.cpp:1963] [get_network_group_and_network_name] No name was given. Addressing all networks of default network_group: stdc1
[2026-04-05 17:32:41.466] [39502] [HailoRT] [info] [hef.cpp:1963] [get_network_group_and_network_name] No name was given. Addressing all networks of default network_group: stdc1
[2026-04-05 17:32:41.508] [39502] [HailoRT] [info] [hef.cpp:1963] [get_network_group_and_network_name] No name was given. Addressing all networks of default network_group: stereonet
[2026-04-05 17:32:41.508] [39502] [HailoRT] [info] [hef.cpp:1963] [get_network_group_and_network_name] No name was given. Addressing all networks of default network_group: stereonet
[2026-04-05 17:32:42.447] [39502] [HailoRT] [info] [hef.cpp:1963] [get_network_group_and_network_name] No name was given. Addressing all networks of default network_group: stereonet
[2026-04-05 17:32:42.447] [39502] [HailoRT] [info] [hef.cpp:1963] [get_network_group_and_network_name] No name was given. Addressing all networks of default network_group: stereonet
[2026-04-05 17:46:06.380] [42307] [HailoRT] [info] [vdevice.cpp:227] [create] Creating vdevice with params: device_count: 1, scheduling_algorithm: ROUND_ROBIN, multi_process_service: false
[2026-04-05 17:46:06.402] [42307] [HailoRT] [info] [device.cpp:53] [Device] OS Version: Linux 6.12.75+rpt-rpi-2712 #1 SMP PREEMPT Debian 1:6.12.75-1+rpt1 (2026-03-11) aarch64
[2026-04-05 17:46:06.440] [42307] [HailoRT] [info] [hef.cpp:1963] [get_network_group_and_network_name] No name was given. Addressing all networks of default network_group: stdc1
[2026-04-05 17:46:06.440] [42307] [HailoRT] [info] [hef.cpp:1963] [get_network_group_and_network_name] No name was given. Addressing all networks of default network_group: stdc1
[2026-04-05 17:46:06.952] [42307] [HailoRT] [info] [hef.cpp:1963] [get_network_group_and_network_name] No name was given. Addressing all networks of default network_group: stdc1
[2026-04-05 17:46:06.952] [42307] [HailoRT] [info] [hef.cpp:1963] [get_network_group_and_network_name] No name was given. Addressing all networks of default network_group: stdc1
[2026-04-05 17:46:06.993] [42307] [HailoRT] [info] [hef.cpp:1963] [get_network_group_and_network_name] No name was given. Addressing all networks of default network_group: stereonet
[2026-04-05 17:46:06.993] [42307] [HailoRT] [info] [hef.cpp:1963] [get_network_group_and_network_name] No name was given. Addressing all networks of default network_group: stereonet
[2026-04-05 17:46:07.937] [42307] [HailoRT] [info] [hef.cpp:1963] [get_network_group_and_network_name] No name was given. Addressing all networks of default network_group: stereonet
[2026-04-05 17:46:07.937] [42307] [HailoRT] [info] [hef.cpp:1963] [get_network_group_and_network_name] No name was given. Addressing all networks of default network_group: stereonet
[2026-04-05 17:46:30.577] [42464] [HailoRT] [info] [vdevice.cpp:227] [create] Creating vdevice with params: device_count: 1, scheduling_algorithm: ROUND_ROBIN, multi_process_service: false
[2026-04-05 17:46:30.599] [42464] [HailoRT] [info] [device.cpp:53] [Device] OS Version: Linux 6.12.75+rpt-rpi-2712 #1 SMP PREEMPT Debian 1:6.12.75-1+rpt1 (2026-03-11) aarch64
[2026-04-05 17:46:30.638] [42464] [HailoRT] [info] [hef.cpp:1963] [get_network_group_and_network_name] No name was given. Addressing all networks of default network_group: stdc1
[2026-04-05 17:46:30.638] [42464] [HailoRT] [info] [hef.cpp:1963] [get_network_group_and_network_name] No name was given. Addressing all networks of default network_group: stdc1
[2026-04-05 17:46:31.150] [42464] [HailoRT] [info] [hef.cpp:1963] [get_network_group_and_network_name] No name was given. Addressing all networks of default network_group: stdc1
[2026-04-05 17:46:31.150] [42464] [HailoRT] [info] [hef.cpp:1963] [get_network_group_and_network_name] No name was given. Addressing all networks of default network_group: stdc1
[2026-04-05 17:46:31.192] [42464] [HailoRT] [info] [hef.cpp:1963] [get_network_group_and_network_name] No name was given. Addressing all networks of default network_group: stereonet
[2026-04-05 17:46:31.192] [42464] [HailoRT] [info] [hef.cpp:1963] [get_network_group_and_network_name] No name was given. Addressing all networks of default network_group: stereonet
[2026-04-05 17:46:32.134] [42464] [HailoRT] [info] [hef.cpp:1963] [get_network_group_and_network_name] No name was given. Addressing all networks of default network_group: stereonet
[2026-04-05 17:46:32.135] [42464] [HailoRT] [info] [hef.cpp:1963] [get_network_group_and_network_name] No name was given. Addressing all networks of default network_group: stereonet
[2026-04-05 18:23:46.473] [49830] [HailoRT] [info] [vdevice.cpp:227] [create] Creating vdevice with params: device_count: 1, scheduling_algorithm: ROUND_ROBIN, multi_process_service: false
[2026-04-05 18:23:46.495] [49830] [HailoRT] [info] [device.cpp:53] [Device] OS Version: Linux 6.12.75+rpt-rpi-2712 #1 SMP PREEMPT Debian 1:6.12.75-1+rpt1 (2026-03-11) aarch64
[2026-04-05 18:23:46.533] [49830] [HailoRT] [info] [hef.cpp:1963] [get_network_group_and_network_name] No name was given. Addressing all networks of default network_group: stdc1
[2026-04-05 18:23:46.533] [49830] [HailoRT] [info] [hef.cpp:1963] [get_network_group_and_network_name] No name was given. Addressing all networks of default network_group: stdc1
[2026-04-05 18:23:47.043] [49830] [HailoRT] [info] [hef.cpp:1963] [get_network_group_and_network_name] No name was given. Addressing all networks of default network_group: stdc1
[2026-04-05 18:23:47.043] [49830] [HailoRT] [info] [hef.cpp:1963] [get_network_group_and_network_name] No name was given. Addressing all networks of default network_group: stdc1
[2026-04-05 18:23:47.084] [49830] [HailoRT] [info] [hef.cpp:1963] [get_network_group_and_network_name] No name was given. Addressing all networks of default network_group: stereonet
[2026-04-05 18:23:47.084] [49830] [HailoRT] [info] [hef.cpp:1963] [get_network_group_and_network_name] No name was given. Addressing all networks of default network_group: stereonet
[2026-04-05 18:23:48.023] [49830] [HailoRT] [info] [hef.cpp:1963] [get_network_group_and_network_name] No name was given. Addressing all networks of default network_group: stereonet
[2026-04-05 18:23:48.023] [49830] [HailoRT] [info] [hef.cpp:1963] [get_network_group_and_network_name] No name was given. Addressing all networks of default network_group: stereonet
